<?xml version="1.0" encoding="UTF-8"?>
<!-- Generated by org.testng.reporters.JUnitXMLReporter -->
<testsuite ignored="0" hostname="MAVLT1216" failures="2" tests="2" name="Test" time="32.969" errors="0" timestamp="2024-03-30T14:20:38 IST">
  <testcase classname="TestClasses.TestClass1" name="checkTest" time="0.73">
    <failure type="java.lang.AssertionError" message="null">
      <![CDATA[java.lang.AssertionError: null
at TestClasses.TestClass1.checkTest(TestClass1.java:18)
at java.base/java.util.ArrayList.forEach(ArrayList.java:1511)
... Removed 29 stack frames]]>
    </failure>
  </testcase> <!-- checkTest -->
  <testcase classname="TestClasses.TestClass1" name="checkTest" time="2.842">
    <failure type="java.lang.AssertionError" message="null">
      <![CDATA[java.lang.AssertionError: null
at TestClasses.TestClass1.checkTest(TestClass1.java:18)
at java.base/java.util.ArrayList.forEach(ArrayList.java:1511)
... Removed 29 stack frames]]>
    </failure>
  </testcase> <!-- checkTest -->
</testsuite> <!-- Test -->
