<?xml version="1.0" encoding="UTF-8"?>
<testng-results ignored="0" total="2" passed="2" failed="0" skipped="0">
  <reporter-output>
  </reporter-output>
  <suite started-at="2024-03-29T12:02:53 IST" name="Suite" finished-at="2024-03-29T12:03:24 IST" duration-ms="31679">
    <groups>
    </groups>
    <test started-at="2024-03-29T12:02:53 IST" name="Test" finished-at="2024-03-29T12:03:24 IST" duration-ms="31679">
      <class name="TestClasses.TestClass1">
        <test-method is-config="true" signature="initialiseDriver()[pri:0, instance:TestClasses.TestClass1@16150369]" started-at="2024-03-29T12:02:53 IST" name="initialiseDriver" finished-at="2024-03-29T12:03:02 IST" duration-ms="9105" status="PASS">
          <reporter-output>
          </reporter-output>
        </test-method> <!-- initialiseDriver -->
        <test-method signature="checkTest(java.lang.String,java.lang.String)[pri:0, instance:TestClasses.TestClass1@16150369]" started-at="2024-03-29T12:03:02 IST" name="checkTest" data-provider="provideData" finished-at="2024-03-29T12:03:03 IST" duration-ms="694" status="PASS">
          <params>
            <param index="0">
              <value>
                <![CDATA[dummy@maveric.com]]>
              </value>
            </param>
            <param index="1">
              <value>
                <![CDATA[Maveric@1234]]>
              </value>
            </param>
          </params>
          <reporter-output>
          </reporter-output>
        </test-method> <!-- checkTest -->
        <test-method is-config="true" signature="afterMethod()[pri:0, instance:TestClasses.TestClass1@16150369]" started-at="2024-03-29T12:03:03 IST" name="afterMethod" finished-at="2024-03-29T12:03:09 IST" duration-ms="5967" status="PASS">
          <reporter-output>
          </reporter-output>
        </test-method> <!-- afterMethod -->
        <test-method is-config="true" signature="initialiseDriver()[pri:0, instance:TestClasses.TestClass1@16150369]" started-at="2024-03-29T12:03:09 IST" name="initialiseDriver" finished-at="2024-03-29T12:03:18 IST" duration-ms="8715" status="PASS">
          <reporter-output>
          </reporter-output>
        </test-method> <!-- initialiseDriver -->
        <test-method signature="checkTest(java.lang.String,java.lang.String)[pri:0, instance:TestClasses.TestClass1@16150369]" started-at="2024-03-29T12:03:18 IST" name="checkTest" data-provider="provideData" finished-at="2024-03-29T12:03:19 IST" duration-ms="747" status="PASS">
          <params>
            <param index="0">
              <value>
                <![CDATA[maveric@maveric.com]]>
              </value>
            </param>
            <param index="1">
              <value>
                <![CDATA[Citinam@nam12]]>
              </value>
            </param>
          </params>
          <reporter-output>
          </reporter-output>
        </test-method> <!-- checkTest -->
        <test-method is-config="true" signature="afterMethod()[pri:0, instance:TestClasses.TestClass1@16150369]" started-at="2024-03-29T12:03:19 IST" name="afterMethod" finished-at="2024-03-29T12:03:24 IST" duration-ms="5952" status="PASS">
          <reporter-output>
          </reporter-output>
        </test-method> <!-- afterMethod -->
      </class> <!-- TestClasses.TestClass1 -->
    </test> <!-- Test -->
  </suite> <!-- Suite -->
</testng-results>
